#
# There is insufficient memory for the Java Runtime Environment to continue.
# Native memory allocation (malloc) failed to allocate 32744 bytes for ChunkPool::allocate
# Possible reasons:
#   The system is out of physical RAM or swap space
#   The process is running with CompressedOops enabled, and the Java Heap may be blocking the growth of the native heap
# Possible solutions:
#   Reduce memory load on the system
#   Increase physical memory or swap space
#   Check if swap backing store is full
#   Decrease Java heap size (-Xmx/-Xms)
#   Decrease number of Java threads
#   Decrease Java thread stack sizes (-Xss)
#   Set larger code cache with -XX:ReservedCodeCacheSize=
#   JVM is running with Unscaled Compressed Oops mode in which the Java heap is
#     placed in the first 4GB address space. The Java Heap base address is the
#     maximum limit for the native heap growth. Please use -XX:HeapBaseMinAddress
#     to set the Java Heap base and to place the Java Heap above 4GB virtual address.
# This output file may be truncated or incomplete.
#
#  Out of Memory Error (./src/hotspot/share/memory/arena.cpp:81), pid=12744, tid=16404
#
# JRE version: OpenJDK Runtime Environment 18.9 (11.0.15+10) (build 11.0.15+10)
# Java VM: OpenJDK 64-Bit Server VM 18.9 (11.0.15+10, mixed mode, tiered, compressed oops, g1 gc, windows-amd64)
# No core dump will be written. Minidumps are not enabled by default on client versions of Windows
#

---------------  S U M M A R Y ------------

Command Line: -Xmx64m -Xms64m -Dorg.gradle.appname=gradlew org.gradle.wrapper.GradleWrapperMain assembleRelease

Host: 11th Gen Intel(R) Core(TM) i5-1135G7 @ 2.40GHz, 8 cores, 7G,  Windows 10 , 64 bit Build 19041 (10.0.19041.1889)
Time: Thu Sep  8 10:45:44 2022 Malay Peninsula Standard Time elapsed time: 329.784059 seconds (0d 0h 5m 29s)

---------------  T H R E A D  ---------------

Current thread (0x0000020261e1e800):  JavaThread "C1 CompilerThread0" daemon [_thread_in_native, id=16404, stack(0x000000d5aa500000,0x000000d5aa600000)]


Current CompileTask:
C1: 329791 1697       3       org.gradle.internal.logging.serializer.StyledTextOutputEventSerializer::read (90 bytes)

Stack: [0x000000d5aa500000,0x000000d5aa600000]
Native frames: (J=compiled Java code, j=interpreted, Vv=VM code, C=native code)
V  [jvm.dll+0x64dd3a]
V  [jvm.dll+0x7906c9]
V  [jvm.dll+0x791d9c]
V  [jvm.dll+0x792463]
V  [jvm.dll+0x265048]
V  [jvm.dll+0xc9ffb]
V  [jvm.dll+0xca35c]
V  [jvm.dll+0x272578]
V  [jvm.dll+0x181f36]
V  [jvm.dll+0x181ef4]
V  [jvm.dll+0x180c96]
V  [jvm.dll+0x1838ba]
V  [jvm.dll+0x136c8f]
V  [jvm.dll+0x136499]
V  [jvm.dll+0x1366cf]
V  [jvm.dll+0x135844]
V  [jvm.dll+0x1378e7]
V  [jvm.dll+0x22cc80]
V  [jvm.dll+0x22af81]
V  [jvm.dll+0x75254c]
V  [jvm.dll+0x74b12d]
V  [jvm.dll+0x64c8a6]
C  [ucrtbase.dll+0x21bb2]
C  [KERNEL32.DLL+0x17034]
C  [ntdll.dll+0x52651]


---------------  P R O C E S S  ---------------

Threads class SMR info:
_java_thread_list=0x0000020262e82fe0, length=13, elements={
0x000002024675c000, 0x0000020261dae000, 0x0000020261db8000, 0x0000020261e10000,
0x0000020261e14000, 0x0000020261e16800, 0x0000020261e1d000, 0x0000020261e1e800,
0x0000020261e22800, 0x00000202620c6000, 0x0000020262dae000, 0x0000020263109800,
0x000002026310a800
}

Java Threads: ( => current thread )
  0x000002024675c000 JavaThread "main" [_thread_in_native, id=2532, stack(0x000000d5a9800000,0x000000d5a9900000)]
  0x0000020261dae000 JavaThread "Reference Handler" daemon [_thread_blocked, id=16256, stack(0x000000d5a9f00000,0x000000d5aa000000)]
  0x0000020261db8000 JavaThread "Finalizer" daemon [_thread_blocked, id=11832, stack(0x000000d5aa000000,0x000000d5aa100000)]
  0x0000020261e10000 JavaThread "Signal Dispatcher" daemon [_thread_blocked, id=13856, stack(0x000000d5aa100000,0x000000d5aa200000)]
  0x0000020261e14000 JavaThread "Attach Listener" daemon [_thread_blocked, id=972, stack(0x000000d5aa200000,0x000000d5aa300000)]
  0x0000020261e16800 JavaThread "Service Thread" daemon [_thread_blocked, id=13788, stack(0x000000d5aa300000,0x000000d5aa400000)]
  0x0000020261e1d000 JavaThread "C2 CompilerThread0" daemon [_thread_blocked, id=17236, stack(0x000000d5aa400000,0x000000d5aa500000)]
=>0x0000020261e1e800 JavaThread "C1 CompilerThread0" daemon [_thread_in_native, id=16404, stack(0x000000d5aa500000,0x000000d5aa600000)]
  0x0000020261e22800 JavaThread "Sweeper thread" daemon [_thread_blocked, id=12420, stack(0x000000d5aa600000,0x000000d5aa700000)]
  0x00000202620c6000 JavaThread "Common-Cleaner" daemon [_thread_blocked, id=15284, stack(0x000000d5aa800000,0x000000d5aa900000)]
  0x0000020262dae000 JavaThread "pool-1-thread-1" [_thread_blocked, id=3888, stack(0x000000d5aaa00000,0x000000d5aab00000)]
  0x0000020263109800 JavaThread "DisconnectableInputStream source reader" daemon [_thread_in_native, id=17192, stack(0x000000d5aac00000,0x000000d5aad00000)]
  0x000002026310a800 JavaThread "Forward input" [_thread_blocked, id=16884, stack(0x000000d5aad00000,0x000000d5aae00000)]

Other Threads:
  0x0000020261d8a000 VMThread "VM Thread" [stack: 0x000000d5a9e00000,0x000000d5a9f00000] [id=6700]
  0x00000202620bf800 WatcherThread [stack: 0x000000d5aa700000,0x000000d5aa800000] [id=14312]
  0x0000020246772800 GCTaskThread "GC Thread#0" [stack: 0x000000d5a9900000,0x000000d5a9a00000] [id=14092]
  0x0000020262f78800 GCTaskThread "GC Thread#1" [stack: 0x000000d5aa900000,0x000000d5aaa00000] [id=15684]
  0x0000020246779800 ConcurrentGCThread "G1 Main Marker" [stack: 0x000000d5a9a00000,0x000000d5a9b00000] [id=11872]
  0x000002024677d000 ConcurrentGCThread "G1 Conc#0" [stack: 0x000000d5a9b00000,0x000000d5a9c00000] [id=11512]
  0x00000202467e0800 ConcurrentGCThread "G1 Refine#0" [stack: 0x000000d5a9c00000,0x000000d5a9d00000] [id=10604]
  0x00000202467e1800 ConcurrentGCThread "G1 Young RemSet Sampling" [stack: 0x000000d5a9d00000,0x000000d5a9e00000] [id=7524]

Threads with active compile tasks:
C1 CompilerThread0   330089 1697       3       org.gradle.internal.logging.serializer.StyledTextOutputEventSerializer::read (90 bytes)

VM state:not at safepoint (normal execution)

VM Mutex/Monitor currently owned by a thread: None

Heap address: 0x00000000fc000000, size: 64 MB, Compressed Oops mode: 32-bit
Narrow klass base: 0x0000000000000000, Narrow klass shift: 3
Compressed class space size: 1073741824 Address: 0x0000000100000000

Heap:
 garbage-first heap   total 65536K, used 32939K [0x00000000fc000000, 0x0000000100000000)
  region size 1024K, 27 young (27648K), 3 survivors (3072K)
 Metaspace       used 16167K, capacity 16475K, committed 16640K, reserved 1064960K
  class space    used 1815K, capacity 1941K, committed 2048K, reserved 1048576K
Heap Regions: E=young(eden), S=young(survivor), O=old, HS=humongous(starts), HC=humongous(continues), CS=collection set, F=free, A=archive, TAMS=top-at-mark-start (previous, next)
|   0|0x00000000fc000000, 0x00000000fc000000, 0x00000000fc100000|  0%| F|  |TAMS 0x00000000fc000000, 0x00000000fc000000| Untracked 
|   1|0x00000000fc100000, 0x00000000fc100000, 0x00000000fc200000|  0%| F|  |TAMS 0x00000000fc100000, 0x00000000fc100000| Untracked 
|   2|0x00000000fc200000, 0x00000000fc200000, 0x00000000fc300000|  0%| F|  |TAMS 0x00000000fc200000, 0x00000000fc200000| Untracked 
|   3|0x00000000fc300000, 0x00000000fc400000, 0x00000000fc400000|100%|HS|  |TAMS 0x00000000fc300000, 0x00000000fc300000| Complete 
|   4|0x00000000fc400000, 0x00000000fc500000, 0x00000000fc500000|100%|HC|  |TAMS 0x00000000fc400000, 0x00000000fc400000| Complete 
|   5|0x00000000fc500000, 0x00000000fc600000, 0x00000000fc600000|100%|HC|  |TAMS 0x00000000fc500000, 0x00000000fc500000| Complete 
|   6|0x00000000fc600000, 0x00000000fc700000, 0x00000000fc700000|100%| O|  |TAMS 0x00000000fc600000, 0x00000000fc600000| Untracked 
|   7|0x00000000fc700000, 0x00000000fc800000, 0x00000000fc800000|100%| O|  |TAMS 0x00000000fc700000, 0x00000000fc700000| Untracked 
|   8|0x00000000fc800000, 0x00000000fc900000, 0x00000000fc900000|100%| O|  |TAMS 0x00000000fc800000, 0x00000000fc800000| Untracked 
|   9|0x00000000fc900000, 0x00000000fc92ac00, 0x00000000fca00000| 16%| O|  |TAMS 0x00000000fc900000, 0x00000000fc900000| Untracked 
|  10|0x00000000fca00000, 0x00000000fca00000, 0x00000000fcb00000|  0%| F|  |TAMS 0x00000000fca00000, 0x00000000fca00000| Untracked 
|  11|0x00000000fcb00000, 0x00000000fcb00000, 0x00000000fcc00000|  0%| F|  |TAMS 0x00000000fcb00000, 0x00000000fcb00000| Untracked 
|  12|0x00000000fcc00000, 0x00000000fcc00000, 0x00000000fcd00000|  0%| F|  |TAMS 0x00000000fcc00000, 0x00000000fcc00000| Untracked 
|  13|0x00000000fcd00000, 0x00000000fcd00000, 0x00000000fce00000|  0%| F|  |TAMS 0x00000000fcd00000, 0x00000000fcd00000| Untracked 
|  14|0x00000000fce00000, 0x00000000fce00000, 0x00000000fcf00000|  0%| F|  |TAMS 0x00000000fce00000, 0x00000000fce00000| Untracked 
|  15|0x00000000fcf00000, 0x00000000fcf00000, 0x00000000fd000000|  0%| F|  |TAMS 0x00000000fcf00000, 0x00000000fcf00000| Untracked 
|  16|0x00000000fd000000, 0x00000000fd000000, 0x00000000fd100000|  0%| F|  |TAMS 0x00000000fd000000, 0x00000000fd000000| Untracked 
|  17|0x00000000fd100000, 0x00000000fd100000, 0x00000000fd200000|  0%| F|  |TAMS 0x00000000fd100000, 0x00000000fd100000| Untracked 
|  18|0x00000000fd200000, 0x00000000fd200000, 0x00000000fd300000|  0%| F|  |TAMS 0x00000000fd200000, 0x00000000fd200000| Untracked 
|  19|0x00000000fd300000, 0x00000000fd300000, 0x00000000fd400000|  0%| F|  |TAMS 0x00000000fd300000, 0x00000000fd300000| Untracked 
|  20|0x00000000fd400000, 0x00000000fd400000, 0x00000000fd500000|  0%| F|  |TAMS 0x00000000fd400000, 0x00000000fd400000| Untracked 
|  21|0x00000000fd500000, 0x00000000fd500000, 0x00000000fd600000|  0%| F|  |TAMS 0x00000000fd500000, 0x00000000fd500000| Untracked 
|  22|0x00000000fd600000, 0x00000000fd600000, 0x00000000fd700000|  0%| F|  |TAMS 0x00000000fd600000, 0x00000000fd600000| Untracked 
|  23|0x00000000fd700000, 0x00000000fd700000, 0x00000000fd800000|  0%| F|  |TAMS 0x00000000fd700000, 0x00000000fd700000| Untracked 
|  24|0x00000000fd800000, 0x00000000fd800000, 0x00000000fd900000|  0%| F|  |TAMS 0x00000000fd800000, 0x00000000fd800000| Untracked 
|  25|0x00000000fd900000, 0x00000000fd900000, 0x00000000fda00000|  0%| F|  |TAMS 0x00000000fd900000, 0x00000000fd900000| Untracked 
|  26|0x00000000fda00000, 0x00000000fda00000, 0x00000000fdb00000|  0%| F|  |TAMS 0x00000000fda00000, 0x00000000fda00000| Untracked 
|  27|0x00000000fdb00000, 0x00000000fdb00000, 0x00000000fdc00000|  0%| F|  |TAMS 0x00000000fdb00000, 0x00000000fdb00000| Untracked 
|  28|0x00000000fdc00000, 0x00000000fdc00000, 0x00000000fdd00000|  0%| F|  |TAMS 0x00000000fdc00000, 0x00000000fdc00000| Untracked 
|  29|0x00000000fdd00000, 0x00000000fdd00000, 0x00000000fde00000|  0%| F|  |TAMS 0x00000000fdd00000, 0x00000000fdd00000| Untracked 
|  30|0x00000000fde00000, 0x00000000fde00000, 0x00000000fdf00000|  0%| F|  |TAMS 0x00000000fde00000, 0x00000000fde00000| Untracked 
|  31|0x00000000fdf00000, 0x00000000fdf00000, 0x00000000fe000000|  0%| F|  |TAMS 0x00000000fdf00000, 0x00000000fdf00000| Untracked 
|  32|0x00000000fe000000, 0x00000000fe000000, 0x00000000fe100000|  0%| F|  |TAMS 0x00000000fe000000, 0x00000000fe000000| Untracked 
|  33|0x00000000fe100000, 0x00000000fe100000, 0x00000000fe200000|  0%| F|  |TAMS 0x00000000fe100000, 0x00000000fe100000| Untracked 
|  34|0x00000000fe200000, 0x00000000fe200000, 0x00000000fe300000|  0%| F|  |TAMS 0x00000000fe200000, 0x00000000fe200000| Untracked 
|  35|0x00000000fe300000, 0x00000000fe300000, 0x00000000fe400000|  0%| F|  |TAMS 0x00000000fe300000, 0x00000000fe300000| Untracked 
|  36|0x00000000fe400000, 0x00000000fe400000, 0x00000000fe500000|  0%| F|  |TAMS 0x00000000fe400000, 0x00000000fe400000| Untracked 
|  37|0x00000000fe500000, 0x00000000fe600000, 0x00000000fe600000|100%| S|CS|TAMS 0x00000000fe500000, 0x00000000fe500000| Complete 
|  38|0x00000000fe600000, 0x00000000fe700000, 0x00000000fe700000|100%| S|CS|TAMS 0x00000000fe600000, 0x00000000fe600000| Complete 
|  39|0x00000000fe700000, 0x00000000fe800000, 0x00000000fe800000|100%| S|CS|TAMS 0x00000000fe700000, 0x00000000fe700000| Complete 
|  40|0x00000000fe800000, 0x00000000fe900000, 0x00000000fe900000|100%| E|  |TAMS 0x00000000fe800000, 0x00000000fe800000| Complete 
|  41|0x00000000fe900000, 0x00000000fea00000, 0x00000000fea00000|100%| E|CS|TAMS 0x00000000fe900000, 0x00000000fe900000| Complete 
|  42|0x00000000fea00000, 0x00000000feb00000, 0x00000000feb00000|100%| E|CS|TAMS 0x00000000fea00000, 0x00000000fea00000| Complete 
|  43|0x00000000feb00000, 0x00000000fec00000, 0x00000000fec00000|100%| E|CS|TAMS 0x00000000feb00000, 0x00000000feb00000| Complete 
|  44|0x00000000fec00000, 0x00000000fed00000, 0x00000000fed00000|100%| E|CS|TAMS 0x00000000fec00000, 0x00000000fec00000| Complete 
|  45|0x00000000fed00000, 0x00000000fee00000, 0x00000000fee00000|100%| E|CS|TAMS 0x00000000fed00000, 0x00000000fed00000| Complete 
|  46|0x00000000fee00000, 0x00000000fef00000, 0x00000000fef00000|100%| E|CS|TAMS 0x00000000fee00000, 0x00000000fee00000| Complete 
|  47|0x00000000fef00000, 0x00000000ff000000, 0x00000000ff000000|100%| E|CS|TAMS 0x00000000fef00000, 0x00000000fef00000| Complete 
|  48|0x00000000ff000000, 0x00000000ff100000, 0x00000000ff100000|100%| E|CS|TAMS 0x00000000ff000000, 0x00000000ff000000| Complete 
|  49|0x00000000ff100000, 0x00000000ff200000, 0x00000000ff200000|100%| E|CS|TAMS 0x00000000ff100000, 0x00000000ff100000| Complete 
|  50|0x00000000ff200000, 0x00000000ff300000, 0x00000000ff300000|100%| E|CS|TAMS 0x00000000ff200000, 0x00000000ff200000| Complete 
|  51|0x00000000ff300000, 0x00000000ff400000, 0x00000000ff400000|100%| E|CS|TAMS 0x00000000ff300000, 0x00000000ff300000| Complete 
|  52|0x00000000ff400000, 0x00000000ff500000, 0x00000000ff500000|100%| E|CS|TAMS 0x00000000ff400000, 0x00000000ff400000| Complete 
|  53|0x00000000ff500000, 0x00000000ff600000, 0x00000000ff600000|100%| E|CS|TAMS 0x00000000ff500000, 0x00000000ff500000| Complete 
|  54|0x00000000ff600000, 0x00000000ff700000, 0x00000000ff700000|100%| E|CS|TAMS 0x00000000ff600000, 0x00000000ff600000| Complete 
|  55|0x00000000ff700000, 0x00000000ff800000, 0x00000000ff800000|100%| E|CS|TAMS 0x00000000ff700000, 0x00000000ff700000| Complete 
|  56|0x00000000ff800000, 0x00000000ff900000, 0x00000000ff900000|100%| E|CS|TAMS 0x00000000ff800000, 0x00000000ff800000| Complete 
|  57|0x00000000ff900000, 0x00000000ffa00000, 0x00000000ffa00000|100%| E|CS|TAMS 0x00000000ff900000, 0x00000000ff900000| Complete 
|  58|0x00000000ffa00000, 0x00000000ffb00000, 0x00000000ffb00000|100%| E|CS|TAMS 0x00000000ffa00000, 0x00000000ffa00000| Complete 
|  59|0x00000000ffb00000, 0x00000000ffc00000, 0x00000000ffc00000|100%| E|CS|TAMS 0x00000000ffb00000, 0x00000000ffb00000| Complete 
|  60|0x00000000ffc00000, 0x00000000ffd00000, 0x00000000ffd00000|100%| E|CS|TAMS 0x00000000ffc00000, 0x00000000ffc00000| Complete 
|  61|0x00000000ffd00000, 0x00000000ffe00000, 0x00000000ffe00000|100%| E|CS|TAMS 0x00000000ffd00000, 0x00000000ffd00000| Complete 
|  62|0x00000000ffe00000, 0x00000000fff00000, 0x00000000fff00000|100%| E|CS|TAMS 0x00000000ffe00000, 0x00000000ffe00000| Complete 
|  63|0x00000000fff00000, 0x0000000100000000, 0x0000000100000000|100%| E|CS|TAMS 0x00000000fff00000, 0x00000000fff00000| Complete 

Card table byte_map: [0x000002025e970000,0x000002025e990000] _byte_map_base: 0x000002025e190000

Marking Bits (Prev, Next): (CMBitMap*) 0x0000020246778568, (CMBitMap*) 0x00000202467785a0
 Prev Bits: [0x000002025e9b0000, 0x000002025eab0000)
 Next Bits: [0x000002025eab0000, 0x000002025ebb0000)

Polling page: 0x000002024eec0000

Metaspace:

Usage:
  Non-class:     14.19 MB capacity,    14.02 MB ( 99%) used,   159.29 KB (  1%) free+waste,    22.81 KB ( <1%) overhead. 
      Class:      1.90 MB capacity,     1.77 MB ( 94%) used,   114.52 KB (  6%) free+waste,    11.06 KB ( <1%) overhead. 
       Both:     16.09 MB capacity,    15.79 MB ( 98%) used,   273.80 KB (  2%) free+waste,    33.88 KB ( <1%) overhead. 

Virtual space:
  Non-class space:       16.00 MB reserved,      14.25 MB ( 89%) committed 
      Class space:        1.00 GB reserved,       2.00 MB ( <1%) committed 
             Both:        1.02 GB reserved,      16.25 MB (  2%) committed 

Chunk freelists:
   Non-Class:  58.00 KB
       Class:  11.00 KB
        Both:  69.00 KB

MaxMetaspaceSize: 17179869184.00 GB
CompressedClassSpaceSize: 1.00 GB
Initial GC threshold: 20.80 MB
Current GC threshold: 20.80 MB
CDS: off

CodeHeap 'non-profiled nmethods': size=120000Kb used=616Kb max_used=616Kb free=119383Kb
 bounds [0x00000202569b0000, 0x0000020256c20000, 0x000002025dee0000]
CodeHeap 'profiled nmethods': size=120000Kb used=3199Kb max_used=3199Kb free=116800Kb
 bounds [0x000002024f480000, 0x000002024f7a0000, 0x00000202569b0000]
CodeHeap 'non-nmethods': size=5760Kb used=1172Kb max_used=1191Kb free=4587Kb
 bounds [0x000002024eee0000, 0x000002024f150000, 0x000002024f480000]
 total_blobs=2097 nmethods=1672 adapters=338
 compilation: enabled
              stopped_count=0, restarted_count=0
 full_count=0

Compilation events (20 events):
Event: 326.864 Thread 0x0000020261e1e800 1689       3       org.gradle.internal.logging.text.AbstractLineChoppingStyledTextOutput$SeenFromEol::clear (6 bytes)
Event: 326.864 Thread 0x0000020261e1e800 nmethod 1689 0x000002024f79ba10 code [0x000002024f79bbc0, 0x000002024f79bcb8]
Event: 326.864 Thread 0x0000020261e1e800 1686       3       org.gradle.internal.logging.console.DefaultAnsiExecutor::writeAt (42 bytes)
Event: 326.879 Thread 0x0000020261e1d000 nmethod 1690 0x0000020256a46990 code [0x0000020256a46b40, 0x0000020256a46cd8]
Event: 326.879 Thread 0x0000020261e1d000 1692       4       org.gradle.internal.logging.text.AbstractLineChoppingStyledTextOutput::doAppend (43 bytes)
Event: 326.919 Thread 0x0000020261e1e800 nmethod 1686 0x000002024f79bd90 code [0x000002024f79c0e0, 0x000002024f79d598]
Event: 326.919 Thread 0x0000020261e1e800 1680       3       org.gradle.internal.logging.text.AbstractLineChoppingStyledTextOutput$StateContext::next (11 bytes)
Event: 326.919 Thread 0x0000020261e1e800 nmethod 1680 0x000002024f79dd10 code [0x000002024f79dec0, 0x000002024f79dfb8]
Event: 326.919 Thread 0x0000020261e1e800 1681       3       org.gradle.internal.logging.text.AbstractLineChoppingStyledTextOutput$SeenFromEol::add (18 bytes)
Event: 326.920 Thread 0x0000020261e1e800 nmethod 1681 0x000002024f79e090 code [0x000002024f79e240, 0x000002024f79e378]
Event: 326.920 Thread 0x0000020261e1e800 1694       3       java.lang.System::checkKey (34 bytes)
Event: 326.921 Thread 0x0000020261e1e800 nmethod 1694 0x000002024f79e490 code [0x000002024f79e680, 0x000002024f79e9a8]
Event: 326.921 Thread 0x0000020261e1e800 1695       3       java.lang.System::getProperty (25 bytes)
Event: 326.922 Thread 0x0000020261e1e800 nmethod 1695 0x000002024f79eb10 code [0x000002024f79ed40, 0x000002024f79f308]
Event: 327.021 Thread 0x0000020261e1d000 nmethod 1692 0x0000020256a46e90 code [0x0000020256a47120, 0x0000020256a489a8]
Event: 327.021 Thread 0x0000020261e1d000 1693       4       org.gradle.internal.nativeintegration.console.NativePlatformConsoleMetaData::getCols (15 bytes)
Event: 327.037 Thread 0x0000020261e1d000 nmethod 1693 0x0000020256a49710 code [0x0000020256a498e0, 0x0000020256a49e68]
Event: 329.554 Thread 0x0000020261e1e800 1699       3       org.gradle.internal.serialize.AbstractCollectionSerializer::read (47 bytes)
Event: 329.576 Thread 0x0000020261e1e800 nmethod 1699 0x000002024f79f510 code [0x000002024f79f700, 0x000002024f79fbd8]
Event: 329.577 Thread 0x0000020261e1e800 1697       3       org.gradle.internal.logging.serializer.StyledTextOutputEventSerializer::read (90 bytes)

GC Heap History (2 events):
Event: 0.760 GC heap before
{Heap before GC invocations=0 (full 0):
 garbage-first heap   total 65536K, used 29696K [0x00000000fc000000, 0x0000000100000000)
  region size 1024K, 24 young (24576K), 0 survivors (0K)
 Metaspace       used 10726K, capacity 10968K, committed 11264K, reserved 1058816K
  class space    used 1104K, capacity 1209K, committed 1280K, reserved 1048576K
}
Event: 0.769 GC heap after
{Heap after GC invocations=1 (full 0):
 garbage-first heap   total 65536K, used 9387K [0x00000000fc000000, 0x0000000100000000)
  region size 1024K, 3 young (3072K), 3 survivors (3072K)
 Metaspace       used 10726K, capacity 10968K, committed 11264K, reserved 1058816K
  class space    used 1104K, capacity 1209K, committed 1280K, reserved 1048576K
}

Deoptimization events (20 events):
Event: 1.079 Thread 0x000002024675c000 DEOPT PACKING pc=0x0000020256a08528 sp=0x000000d5a98fb000
Event: 1.079 Thread 0x000002024675c000 DEOPT UNPACKING pc=0x000002024eee85af sp=0x000000d5a98faf00 mode 2
Event: 1.079 Thread 0x000002024675c000 Uncommon trap: trap_request=0xffffffc6 fr.pc=0x00000202569f369c relative=0x0000000000000f7c
Event: 1.079 Thread 0x000002024675c000 Uncommon trap: reason=bimorphic_or_optimized_type_check action=maybe_recompile pc=0x00000202569f369c method=java.util.HashMap.putVal(ILjava/lang/Object;Ljava/lang/Object;ZZ)Ljava/lang/Object; @ 203 c2
Event: 1.079 Thread 0x000002024675c000 DEOPT PACKING pc=0x00000202569f369c sp=0x000000d5a98faf70
Event: 1.079 Thread 0x000002024675c000 DEOPT UNPACKING pc=0x000002024eee85af sp=0x000000d5a98faf00 mode 2
Event: 1.403 Thread 0x000002024675c000 Uncommon trap: trap_request=0xffffff4d fr.pc=0x00000202569e5b90 relative=0x0000000000000550
Event: 1.403 Thread 0x000002024675c000 Uncommon trap: reason=unstable_if action=reinterpret pc=0x00000202569e5b90 method=java.lang.AbstractStringBuilder.append(Ljava/lang/String;)Ljava/lang/AbstractStringBuilder; @ 1 c2
Event: 1.403 Thread 0x000002024675c000 DEOPT PACKING pc=0x00000202569e5b90 sp=0x000000d5a98fcfc0
Event: 1.403 Thread 0x000002024675c000 DEOPT UNPACKING pc=0x000002024eee85af sp=0x000000d5a98fcf40 mode 2
Event: 1.403 Thread 0x000002024675c000 Uncommon trap: trap_request=0xffffff4d fr.pc=0x00000202569e6f64 relative=0x0000000000000524
Event: 1.403 Thread 0x000002024675c000 Uncommon trap: reason=unstable_if action=reinterpret pc=0x00000202569e6f64 method=java.lang.AbstractStringBuilder.append(Ljava/lang/String;)Ljava/lang/AbstractStringBuilder; @ 1 c2
Event: 1.403 Thread 0x000002024675c000 DEOPT PACKING pc=0x00000202569e6f64 sp=0x000000d5a98fcf60
Event: 1.403 Thread 0x000002024675c000 DEOPT UNPACKING pc=0x000002024eee85af sp=0x000000d5a98fcf48 mode 2
Event: 322.431 Thread 0x0000020262dae000 DEOPT PACKING pc=0x000002024f71c658 sp=0x000000d5aaafde70
Event: 322.433 Thread 0x0000020262dae000 DEOPT UNPACKING pc=0x000002024ef29d0e sp=0x000000d5aaafd3d8 mode 0
Event: 326.707 Thread 0x000002024675c000 Uncommon trap: trap_request=0xffffff4d fr.pc=0x0000020256a425fc relative=0x00000000000001bc
Event: 326.709 Thread 0x000002024675c000 Uncommon trap: reason=unstable_if action=reinterpret pc=0x0000020256a425fc method=com.esotericsoftware.kryo.io.Input.require(I)I @ 65 c2
Event: 326.711 Thread 0x000002024675c000 DEOPT PACKING pc=0x0000020256a425fc sp=0x000000d5a98fcbd0
Event: 326.714 Thread 0x000002024675c000 DEOPT UNPACKING pc=0x000002024eee85af sp=0x000000d5a98fcb90 mode 2

Classes redefined (0 events):
No events

Internal exceptions (13 events):
Event: 0.290 Thread 0x000002024675c000 Exception <a 'java/lang/NoSuchMethodError'{0x00000000ffc61f68}: 'int java.lang.invoke.DirectMethodHandle$Holder.invokeStaticInit(java.lang.Object, java.lang.Object)'> (0x00000000ffc61f68) thrown at [./src/hotspot/share/interpreter/linkResolver.cpp, line 773]
Event: 0.341 Thread 0x000002024675c000 Exception <a 'java/lang/NoSuchMethodError'{0x00000000ffb298a8}: 'int java.lang.invoke.DirectMethodHandle$Holder.invokeSpecial(java.lang.Object, java.lang.Object, java.lang.Object, java.lang.Object)'> (0x00000000ffb298a8) thrown at [./src/hotspot/share/interpreter/linkResolver.cpp, line 773]
Event: 0.346 Thread 0x000002024675c000 Exception <a 'java/lang/NoSuchMethodError'{0x00000000ffb60460}: 'int java.lang.invoke.DirectMethodHandle$Holder.invokeSpecialIFC(java.lang.Object, java.lang.Object, int)'> (0x00000000ffb60460) thrown at [./src/hotspot/share/interpreter/linkResolver.cpp, line 773]
Event: 0.721 Thread 0x000002024675c000 Exception <a 'java/lang/NoClassDefFoundError'{0x00000000fe929ec8}: org/slf4j/impl/StaticMarkerBinder> (0x00000000fe929ec8) thrown at [./src/hotspot/share/classfile/systemDictionary.cpp, line 219]
Event: 0.737 Thread 0x000002024675c000 Exception <a 'java/lang/NoSuchMethodError'{0x00000000fe81d038}: 'java.lang.Object java.lang.invoke.DirectMethodHandle$Holder.invokeVirtual(java.lang.Object, java.lang.Object, java.lang.Object, java.lang.Object, java.lang.Object, java.lang.Object, java.lang.Object)'> (0x00000000fe81d038) thrown at [./src/hotspot/share/interpreter/linkResolver.cpp, line 773]
Event: 0.739 Thread 0x000002024675c000 Exception <a 'java/lang/NoSuchMethodError'{0x00000000fe830120}: 'java.lang.Object java.lang.invoke.Invokers$Holder.invoker(java.lang.Object, java.lang.Object, java.lang.Object)'> (0x00000000fe830120) thrown at [./src/hotspot/share/interpreter/linkResolver.cpp, line 773]
Event: 0.742 Thread 0x000002024675c000 Exception <a 'java/lang/NoSuchMethodError'{0x00000000fe840c78}: 'void java.lang.invoke.DelegatingMethodHandle$Holder.delegate(java.lang.Object, java.lang.Object, int, java.lang.Object)'> (0x00000000fe840c78) thrown at [./src/hotspot/share/interpreter/linkResolver.cpp, line 773]
Event: 0.879 Thread 0x000002024675c000 Exception <a 'java/lang/NoSuchMethodError'{0x00000000ff908628}: 'java.lang.Object java.lang.invoke.DirectMethodHandle$Holder.invokeInterface(java.lang.Object, java.lang.Object, java.lang.Object)'> (0x00000000ff908628) thrown at [./src/hotspot/share/interpreter/linkResolver.cpp, line 773]
Event: 0.992 Thread 0x000002024675c000 Exception <a 'java/lang/NoSuchMethodError'{0x00000000ff648f20}: 'java.lang.Object java.lang.invoke.DirectMethodHandle$Holder.invokeStaticInit(java.lang.Object, java.lang.Object, java.lang.Object)'> (0x00000000ff648f20) thrown at [./src/hotspot/share/interpreter/linkResolver.cpp, line 773]
Event: 1.098 Thread 0x000002024675c000 Exception <a 'java/lang/NoSuchMethodError'{0x00000000ff2c6500}: 'java.lang.Object java.lang.invoke.DirectMethodHandle$Holder.invokeStaticInit(java.lang.Object, int, int, int, int)'> (0x00000000ff2c6500) thrown at [./src/hotspot/share/interpreter/linkResolver.cpp, line 773]
Event: 1.275 Thread 0x000002024675c000 Exception <a 'java/lang/NoSuchMethodError'{0x00000000ff2f1598}: 'java.lang.Object java.lang.invoke.DirectMethodHandle$Holder.invokeStaticInit(java.lang.Object, java.lang.Object, int, int, int, int)'> (0x00000000ff2f1598) thrown at [./src/hotspot/share/interpreter/linkResolver.cpp, line 773]
Event: 1.403 Thread 0x000002024675c000 Implicit null exception at 0x00000202569e5674 to 0x00000202569e5b78
Event: 1.403 Thread 0x000002024675c000 Implicit null exception at 0x00000202569e6a74 to 0x00000202569e6f4c

Events (20 events):
Event: 93.375 loading class java/io/ObjectInputFilter$Config
Event: 93.376 loading class java/io/ObjectInputFilter$Config done
Event: 93.376 loading class java/io/ObjectInputFilter
Event: 93.376 loading class java/io/ObjectInputFilter done
Event: 93.380 loading class jdk/internal/misc/JavaObjectInputFilterAccess
Event: 93.380 loading class jdk/internal/misc/JavaObjectInputFilterAccess done
Event: 93.381 loading class java/io/Bits
Event: 93.381 loading class java/io/Bits done
Event: 93.381 loading class org/gradle/internal/serialize/ExceptionReplacingObjectInputStream$1
Event: 93.381 loading class org/gradle/internal/serialize/ExceptionReplacingObjectInputStream$1 done
Event: 93.423 loading class com/google/common/base/Objects
Event: 93.423 loading class com/google/common/base/Objects done
Event: 93.424 loading class com/google/common/base/ExtraObjectsMethodsForWeb
Event: 93.424 loading class com/google/common/base/ExtraObjectsMethodsForWeb done
Event: 95.123 loading class org/gradle/internal/logging/text/AbstractLineChoppingStyledTextOutput$StateContext
Event: 95.123 loading class org/gradle/internal/logging/text/AbstractLineChoppingStyledTextOutput$StateContext done
Event: 95.135 loading class org/gradle/internal/logging/console/DefaultTextArea$2
Event: 95.135 loading class org/gradle/internal/logging/console/DefaultTextArea$2 done
Event: 95.136 loading class org/gradle/internal/logging/console/DefaultTextArea$2$1
Event: 95.136 loading class org/gradle/internal/logging/console/DefaultTextArea$2$1 done


Dynamic libraries:
0x00007ff7b32a0000 - 0x00007ff7b32ad000 	C:\Program Files\OpenJDK\openjdk-11.0.15_10\bin\java.exe
0x00007ff881510000 - 0x00007ff881708000 	C:\Windows\SYSTEM32\ntdll.dll
0x00007ff87f710000 - 0x00007ff87f7cd000 	C:\Windows\System32\KERNEL32.DLL
0x00007ff87eed0000 - 0x00007ff87f19e000 	C:\Windows\System32\KERNELBASE.dll
0x00007ff87f3b0000 - 0x00007ff87f4b0000 	C:\Windows\System32\ucrtbase.dll
0x00007ff86c9b0000 - 0x00007ff86c9c8000 	C:\Program Files\OpenJDK\openjdk-11.0.15_10\bin\jli.dll
0x00007ff86c990000 - 0x00007ff86c9a6000 	C:\Program Files\OpenJDK\openjdk-11.0.15_10\bin\VCRUNTIME140.dll
0x00007ff86dd90000 - 0x00007ff86e02a000 	C:\Windows\WinSxS\amd64_microsoft.windows.common-controls_6595b64144ccf1df_6.0.19041.1110_none_60b5254171f9507e\COMCTL32.dll
0x00007ff87f570000 - 0x00007ff87f710000 	C:\Windows\System32\USER32.dll
0x00007ff87f7d0000 - 0x00007ff87f86e000 	C:\Windows\System32\msvcrt.dll
0x00007ff87f1d0000 - 0x00007ff87f1f2000 	C:\Windows\System32\win32u.dll
0x00007ff87f870000 - 0x00007ff87f89a000 	C:\Windows\System32\GDI32.dll
0x00007ff87f2a0000 - 0x00007ff87f3ab000 	C:\Windows\System32\gdi32full.dll
0x00007ff87f200000 - 0x00007ff87f29d000 	C:\Windows\System32\msvcp_win.dll
0x00007ff87f8b0000 - 0x00007ff87f8e0000 	C:\Windows\System32\IMM32.DLL
0x00007ff846990000 - 0x00007ff846a3a000 	C:\Program Files\OpenJDK\openjdk-11.0.15_10\bin\msvcp140.dll
0x00007ff843f10000 - 0x00007ff844a61000 	C:\Program Files\OpenJDK\openjdk-11.0.15_10\bin\server\jvm.dll
0x00007ff87f8e0000 - 0x00007ff87f98e000 	C:\Windows\System32\ADVAPI32.dll
0x00007ff881430000 - 0x00007ff8814cc000 	C:\Windows\System32\sechost.dll
0x00007ff8805b0000 - 0x00007ff8806d5000 	C:\Windows\System32\RPCRT4.dll
0x00007ff881140000 - 0x00007ff881148000 	C:\Windows\System32\PSAPI.DLL
0x00007ff861a50000 - 0x00007ff861a77000 	C:\Windows\SYSTEM32\WINMM.dll
0x00007ff874cc0000 - 0x00007ff874cc9000 	C:\Windows\SYSTEM32\WSOCK32.dll
0x00007ff874c10000 - 0x00007ff874c1a000 	C:\Windows\SYSTEM32\VERSION.dll
0x00007ff87fcc0000 - 0x00007ff87fd2b000 	C:\Windows\System32\ws2_32.DLL
0x00007ff87d4c0000 - 0x00007ff87d4d2000 	C:\Windows\SYSTEM32\kernel.appcore.dll
0x00007ff86c5b0000 - 0x00007ff86c5c1000 	C:\Program Files\OpenJDK\openjdk-11.0.15_10\bin\verify.dll
0x00007ff87c280000 - 0x00007ff87c464000 	C:\Windows\SYSTEM32\DBGHELP.DLL
0x00007ff863de0000 - 0x00007ff863e0c000 	C:\Windows\SYSTEM32\dbgcore.DLL
0x00007ff87ed90000 - 0x00007ff87ee12000 	C:\Windows\System32\bcryptPrimitives.dll
0x00007ff860320000 - 0x00007ff860349000 	C:\Program Files\OpenJDK\openjdk-11.0.15_10\bin\java.dll
0x00007ff874500000 - 0x00007ff87450a000 	C:\Program Files\OpenJDK\openjdk-11.0.15_10\bin\jimage.dll
0x00007ff860300000 - 0x00007ff860318000 	C:\Program Files\OpenJDK\openjdk-11.0.15_10\bin\zip.dll
0x00007ff87fde0000 - 0x00007ff880524000 	C:\Windows\System32\SHELL32.dll
0x00007ff87cd10000 - 0x00007ff87d4a4000 	C:\Windows\SYSTEM32\windows.storage.dll
0x00007ff8806f0000 - 0x00007ff880a44000 	C:\Windows\System32\combase.dll
0x00007ff87e690000 - 0x00007ff87e6c0000 	C:\Windows\SYSTEM32\Wldp.dll
0x00007ff87fd30000 - 0x00007ff87fddd000 	C:\Windows\System32\SHCORE.dll
0x00007ff87fb40000 - 0x00007ff87fb95000 	C:\Windows\System32\shlwapi.dll
0x00007ff87eb70000 - 0x00007ff87eb8f000 	C:\Windows\SYSTEM32\profapi.dll
0x00007ff859e50000 - 0x00007ff859e69000 	C:\Program Files\OpenJDK\openjdk-11.0.15_10\bin\net.dll
0x00007ff876540000 - 0x00007ff87664a000 	C:\Windows\SYSTEM32\WINHTTP.dll
0x00007ff87e3f0000 - 0x00007ff87e45a000 	C:\Windows\system32\mswsock.dll
0x00007ff859320000 - 0x00007ff859333000 	C:\Program Files\OpenJDK\openjdk-11.0.15_10\bin\nio.dll
0x00007ff851790000 - 0x00007ff8517b7000 	C:\Users\ASUS-PC\.gradle\native\e1d6ef7f7dcc3fd88c89a11ec53ec762bb8ba0a96d01ffa2cd45eb1d1d8dd5c5\windows-amd64\native-platform.dll
0x00007ff8759a0000 - 0x00007ff8759aa000 	C:\Users\ASUS-PC\.gradle\native\jansi\1.18\windows64\jansi.dll
0x00007ff86e040000 - 0x00007ff86e049000 	C:\Program Files\OpenJDK\openjdk-11.0.15_10\bin\management.dll
0x00007ff86dcf0000 - 0x00007ff86dcfc000 	C:\Program Files\OpenJDK\openjdk-11.0.15_10\bin\management_ext.dll
0x00007ff87e5f0000 - 0x00007ff87e608000 	C:\Windows\SYSTEM32\CRYPTSP.dll
0x00007ff87dd00000 - 0x00007ff87dd34000 	C:\Windows\system32\rsaenh.dll
0x00007ff87f1a0000 - 0x00007ff87f1c7000 	C:\Windows\System32\bcrypt.dll
0x00007ff87eaf0000 - 0x00007ff87eb1e000 	C:\Windows\SYSTEM32\USERENV.dll
0x00007ff87e5e0000 - 0x00007ff87e5ec000 	C:\Windows\SYSTEM32\CRYPTBASE.dll
0x00007ff87e090000 - 0x00007ff87e0cb000 	C:\Windows\SYSTEM32\IPHLPAPI.DLL
0x00007ff87f8a0000 - 0x00007ff87f8a8000 	C:\Windows\System32\NSI.dll
0x00007ff874bf0000 - 0x00007ff874c07000 	C:\Windows\SYSTEM32\dhcpcsvc6.DLL
0x00007ff874f10000 - 0x00007ff874f2d000 	C:\Windows\SYSTEM32\dhcpcsvc.DLL
0x00007ff87e0e0000 - 0x00007ff87e1aa000 	C:\Windows\SYSTEM32\DNSAPI.dll

dbghelp: loaded successfully - version: 4.0.5 - missing functions: none
symbol engine: initialized successfully - sym options: 0x614 - pdb path: .;C:\Program Files\OpenJDK\openjdk-11.0.15_10\bin;C:\Windows\SYSTEM32;C:\Windows\WinSxS\amd64_microsoft.windows.common-controls_6595b64144ccf1df_6.0.19041.1110_none_60b5254171f9507e;C:\Program Files\OpenJDK\openjdk-11.0.15_10\bin\server;C:\Users\ASUS-PC\.gradle\native\e1d6ef7f7dcc3fd88c89a11ec53ec762bb8ba0a96d01ffa2cd45eb1d1d8dd5c5\windows-amd64;C:\Users\ASUS-PC\.gradle\native\jansi\1.18\windows64

VM Arguments:
jvm_args: -Xmx64m -Xms64m -Dorg.gradle.appname=gradlew 
java_command: org.gradle.wrapper.GradleWrapperMain assembleRelease
java_class_path (initial): D:\Project\Tekindo\React-native\customer-app-pb\android\\gradle\wrapper\gradle-wrapper.jar
Launcher Type: SUN_STANDARD

[Global flags]
     intx CICompilerCount                          = 4                                         {product} {ergonomic}
     uint ConcGCThreads                            = 2                                         {product} {ergonomic}
     uint G1ConcRefinementThreads                  = 8                                         {product} {ergonomic}
   size_t G1HeapRegionSize                         = 1048576                                   {product} {ergonomic}
    uintx GCDrainStackTargetSize                   = 64                                        {product} {ergonomic}
   size_t InitialHeapSize                          = 67108864                                  {product} {command line}
   size_t MarkStackSize                            = 4194304                                   {product} {ergonomic}
   size_t MaxHeapSize                              = 67108864                                  {product} {command line}
   size_t MaxNewSize                               = 39845888                                  {product} {ergonomic}
   size_t MinHeapDeltaBytes                        = 1048576                                   {product} {ergonomic}
    uintx NonNMethodCodeHeapSize                   = 5836300                                {pd product} {ergonomic}
    uintx NonProfiledCodeHeapSize                  = 122910970                              {pd product} {ergonomic}
    uintx ProfiledCodeHeapSize                     = 122910970                              {pd product} {ergonomic}
    uintx ReservedCodeCacheSize                    = 251658240                              {pd product} {ergonomic}
     bool SegmentedCodeCache                       = true                                      {product} {ergonomic}
     bool UseCompressedClassPointers               = true                                 {lp64_product} {ergonomic}
     bool UseCompressedOops                        = true                                 {lp64_product} {ergonomic}
     bool UseG1GC                                  = true                                      {product} {ergonomic}
     bool UseLargePagesIndividualAllocation        = false                                  {pd product} {ergonomic}

Logging:
Log output configuration:
 #0: stdout all=warning uptime,level,tags
 #1: stderr all=off uptime,level,tags

Environment Variables:
JAVA_HOME=C:\Program Files\OpenJDK\openjdk-11.0.15_10
CLASSPATH=D:\Project\Tekindo\React-native\customer-app-pb\android\\gradle\wrapper\gradle-wrapper.jar
PATH=C:\Windows\system32;C:\Windows;C:\Windows\System32\Wbem;C:\Windows\System32\WindowsPowerShell\v1.0\;C:\Windows\System32\OpenSSH\;C:\Program Files\nodejs\;C:\Program Files\Git\cmd;D:\Xampp\php;C:\ProgramData\ComposerSetup\bin;C:\ProgramData\chocolatey\bin;C:\Program Files\OpenJDK\openjdk-11.0.15_10\bin;C:\Users\ASUS-PC\AppData\Local\Microsoft\WindowsApps;C:\Users\ASUS-PC\AppData\Local\Programs\Microsoft VS Code\bin;C:\Users\ASUS-PC\AppData\Roaming\npm;C:\Users\ASUS-PC\AppData\Roaming\Composer\vendor\bin;C:\Users\ASUS-PC\AppData\Local\Android\Sdk\platform-tools;C:\ProgramData\chocolatey\lib\gradle\tools\gradle-7.4.2;
USERNAME=ASUS-PC
LANG=en_US.UTF-8
OS=Windows_NT
PROCESSOR_IDENTIFIER=Intel64 Family 6 Model 140 Stepping 1, GenuineIntel



---------------  S Y S T E M  ---------------

OS: Windows 10 , 64 bit Build 19041 (10.0.19041.1889)
OS uptime: 0 days 15:42 hours

CPU:total 8 (initial active 8) (4 cores per cpu, 2 threads per core) family 6 model 140 stepping 1 microcode 0x86, cmov, cx8, fxsr, mmx, sse, sse2, sse3, ssse3, sse4.1, sse4.2, popcnt, avx, avx2, aes, clmul, erms, 3dnowpref, lzcnt, ht, tsc, tscinvbit, bmi1, bmi2, adx, evex, sha, fma

Memory: 4k page, system-wide physical 7882M (94M free)
TotalPageFile size 32098M (AvailPageFile size 0M)
current process WorkingSet (physical memory assigned to process): 12M, peak: 88M
current process commit charge ("private bytes"): 160M, peak: 164M

vm_info: OpenJDK 64-Bit Server VM (11.0.15+10) for windows-amd64 JRE (11.0.15+10), built on Apr 21 2022 21:29:46 by "tester" with MS VC++ 15.5 (VS2017)

END.
